Determining if the pthread_create exist failed with the following output:
Change Dir: /home/akira794/Desktop/GitHub/biped-kinematics/src/sample/biped/serial_biped/CMakeFiles/CMakeTmp

Run Build Command:"/usr/bin/make" "cmTC_39a1c/fast"
/usr/bin/make -f CMakeFiles/cmTC_39a1c.dir/build.make CMakeFiles/cmTC_39a1c.dir/build
make[1]: ディレクトリ '/home/akira794/Desktop/GitHub/biped-kinematics/src/sample/biped/serial_biped/CMakeFiles/CMakeTmp' に入ります
Building C object CMakeFiles/cmTC_39a1c.dir/CheckSymbolExists.c.o
/usr/bin/cc     -o CMakeFiles/cmTC_39a1c.dir/CheckSymbolExists.c.o   -c /home/akira794/Desktop/GitHub/biped-kinematics/src/sample/biped/serial_biped/CMakeFiles/CMakeTmp/CheckSymbolExists.c
Linking C executable cmTC_39a1c
/usr/bin/cmake -E cmake_link_script CMakeFiles/cmTC_39a1c.dir/link.txt --verbose=1
/usr/bin/cc       CMakeFiles/cmTC_39a1c.dir/CheckSymbolExists.c.o  -o cmTC_39a1c -rdynamic 
CMakeFiles/cmTC_39a1c.dir/CheckSymbolExists.c.o: 関数 `main' 内:
CheckSymbolExists.c:(.text+0x16): `pthread_create' に対する定義されていない参照です
collect2: error: ld returned 1 exit status
CMakeFiles/cmTC_39a1c.dir/build.make:97: ターゲット 'cmTC_39a1c' のレシピで失敗しました
make[1]: *** [cmTC_39a1c] エラー 1
make[1]: ディレクトリ '/home/akira794/Desktop/GitHub/biped-kinematics/src/sample/biped/serial_biped/CMakeFiles/CMakeTmp' から出ます
Makefile:126: ターゲット 'cmTC_39a1c/fast' のレシピで失敗しました
make: *** [cmTC_39a1c/fast] エラー 2

File /home/akira794/Desktop/GitHub/biped-kinematics/src/sample/biped/serial_biped/CMakeFiles/CMakeTmp/CheckSymbolExists.c:
/* */
#include <pthread.h>

int main(int argc, char** argv)
{
  (void)argv;
#ifndef pthread_create
  return ((int*)(&pthread_create))[argc];
#else
  (void)argc;
  return 0;
#endif
}

Determining if the function pthread_create exists in the pthreads failed with the following output:
Change Dir: /home/akira794/Desktop/GitHub/biped-kinematics/src/sample/biped/serial_biped/CMakeFiles/CMakeTmp

Run Build Command:"/usr/bin/make" "cmTC_63893/fast"
/usr/bin/make -f CMakeFiles/cmTC_63893.dir/build.make CMakeFiles/cmTC_63893.dir/build
make[1]: ディレクトリ '/home/akira794/Desktop/GitHub/biped-kinematics/src/sample/biped/serial_biped/CMakeFiles/CMakeTmp' に入ります
Building C object CMakeFiles/cmTC_63893.dir/CheckFunctionExists.c.o
/usr/bin/cc    -DCHECK_FUNCTION_EXISTS=pthread_create   -o CMakeFiles/cmTC_63893.dir/CheckFunctionExists.c.o   -c /usr/share/cmake-3.5/Modules/CheckFunctionExists.c
Linking C executable cmTC_63893
/usr/bin/cmake -E cmake_link_script CMakeFiles/cmTC_63893.dir/link.txt --verbose=1
/usr/bin/cc   -DCHECK_FUNCTION_EXISTS=pthread_create    CMakeFiles/cmTC_63893.dir/CheckFunctionExists.c.o  -o cmTC_63893 -rdynamic -lpthreads 
/usr/bin/ld: -lpthreads が見つかりません
collect2: error: ld returned 1 exit status
CMakeFiles/cmTC_63893.dir/build.make:97: ターゲット 'cmTC_63893' のレシピで失敗しました
make[1]: *** [cmTC_63893] エラー 1
make[1]: ディレクトリ '/home/akira794/Desktop/GitHub/biped-kinematics/src/sample/biped/serial_biped/CMakeFiles/CMakeTmp' から出ます
Makefile:126: ターゲット 'cmTC_63893/fast' のレシピで失敗しました
make: *** [cmTC_63893/fast] エラー 2


