Determining if the pthread_create exist failed with the following output:
Change Dir: /home/akira794/Desktop/GitHub/biped-kinematics/src/sample/biped/parallel_biped/CMakeFiles/CMakeTmp

Run Build Command:"/usr/bin/make" "cmTC_0626b/fast"
/usr/bin/make -f CMakeFiles/cmTC_0626b.dir/build.make CMakeFiles/cmTC_0626b.dir/build
make[1]: ディレクトリ '/home/akira794/Desktop/GitHub/biped-kinematics/src/sample/biped/parallel_biped/CMakeFiles/CMakeTmp' に入ります
Building C object CMakeFiles/cmTC_0626b.dir/CheckSymbolExists.c.o
/usr/bin/cc     -o CMakeFiles/cmTC_0626b.dir/CheckSymbolExists.c.o   -c /home/akira794/Desktop/GitHub/biped-kinematics/src/sample/biped/parallel_biped/CMakeFiles/CMakeTmp/CheckSymbolExists.c
Linking C executable cmTC_0626b
/usr/bin/cmake -E cmake_link_script CMakeFiles/cmTC_0626b.dir/link.txt --verbose=1
/usr/bin/cc       CMakeFiles/cmTC_0626b.dir/CheckSymbolExists.c.o  -o cmTC_0626b -rdynamic 
CMakeFiles/cmTC_0626b.dir/CheckSymbolExists.c.o: 関数 `main' 内:
CheckSymbolExists.c:(.text+0x16): `pthread_create' に対する定義されていない参照です
collect2: error: ld returned 1 exit status
CMakeFiles/cmTC_0626b.dir/build.make:97: ターゲット 'cmTC_0626b' のレシピで失敗しました
make[1]: *** [cmTC_0626b] エラー 1
make[1]: ディレクトリ '/home/akira794/Desktop/GitHub/biped-kinematics/src/sample/biped/parallel_biped/CMakeFiles/CMakeTmp' から出ます
Makefile:126: ターゲット 'cmTC_0626b/fast' のレシピで失敗しました
make: *** [cmTC_0626b/fast] エラー 2

File /home/akira794/Desktop/GitHub/biped-kinematics/src/sample/biped/parallel_biped/CMakeFiles/CMakeTmp/CheckSymbolExists.c:
/* */
#include <pthread.h>

int main(int argc, char** argv)
{
  (void)argv;
#ifndef pthread_create
  return ((int*)(&pthread_create))[argc];
#else
  (void)argc;
  return 0;
#endif
}

Determining if the function pthread_create exists in the pthreads failed with the following output:
Change Dir: /home/akira794/Desktop/GitHub/biped-kinematics/src/sample/biped/parallel_biped/CMakeFiles/CMakeTmp

Run Build Command:"/usr/bin/make" "cmTC_e0dca/fast"
/usr/bin/make -f CMakeFiles/cmTC_e0dca.dir/build.make CMakeFiles/cmTC_e0dca.dir/build
make[1]: ディレクトリ '/home/akira794/Desktop/GitHub/biped-kinematics/src/sample/biped/parallel_biped/CMakeFiles/CMakeTmp' に入ります
Building C object CMakeFiles/cmTC_e0dca.dir/CheckFunctionExists.c.o
/usr/bin/cc    -DCHECK_FUNCTION_EXISTS=pthread_create   -o CMakeFiles/cmTC_e0dca.dir/CheckFunctionExists.c.o   -c /usr/share/cmake-3.5/Modules/CheckFunctionExists.c
Linking C executable cmTC_e0dca
/usr/bin/cmake -E cmake_link_script CMakeFiles/cmTC_e0dca.dir/link.txt --verbose=1
/usr/bin/cc   -DCHECK_FUNCTION_EXISTS=pthread_create    CMakeFiles/cmTC_e0dca.dir/CheckFunctionExists.c.o  -o cmTC_e0dca -rdynamic -lpthreads 
/usr/bin/ld: -lpthreads が見つかりません
collect2: error: ld returned 1 exit status
CMakeFiles/cmTC_e0dca.dir/build.make:97: ターゲット 'cmTC_e0dca' のレシピで失敗しました
make[1]: *** [cmTC_e0dca] エラー 1
make[1]: ディレクトリ '/home/akira794/Desktop/GitHub/biped-kinematics/src/sample/biped/parallel_biped/CMakeFiles/CMakeTmp' から出ます
Makefile:126: ターゲット 'cmTC_e0dca/fast' のレシピで失敗しました
make: *** [cmTC_e0dca/fast] エラー 2


